#
# There is insufficient memory for the Java Runtime Environment to continue.
# Native memory allocation (mmap) failed to map 234881024 bytes for Failed to commit area from 0x0000000721000000 to 0x000000072f000000 of length 234881024.
# Possible reasons:
#   The system is out of physical RAM or swap space
#   The process is running with CompressedOops enabled, and the Java Heap may be blocking the growth of the native heap
# Possible solutions:
#   Reduce memory load on the system
#   Increase physical memory or swap space
#   Check if swap backing store is full
#   Decrease Java heap size (-Xmx/-Xms)
#   Decrease number of Java threads
#   Decrease Java thread stack sizes (-Xss)
#   Set larger code cache with -XX:ReservedCodeCacheSize=
# This output file may be truncated or incomplete.
#
#  Out of Memory Error (t:/workspace/open/src/hotspot/os/windows/os_windows.cpp:3269), pid=25156, tid=41464
#
# JRE version:  (11.0+28) (build )
# Java VM: OpenJDK 64-Bit Server VM (11+28, mixed mode, aot, sharing, tiered, compressed oops, g1 gc, windows-amd64)
# No core dump will be written. Minidumps are not enabled by default on client versions of Windows
#

---------------  S U M M A R Y ------------

Command Line: -Dfile.encoding=windows-1252 -Duser.country=IT -Duser.language=it -Duser.variant com.itel.healthadapter.sandbox.HealthadapterSandboxApplication

Host: AMD Ryzen 7 3700U with Radeon Vega Mobile Gfx  , 8 cores, 13G,  Windows 10 , 64 bit Build 18362 (10.0.18362.1082)
Time: Wed Oct  7 13:53:01 2020 ora legale Europa occidentale elapsed time: 0 seconds (0d 0h 0m 0s)

---------------  T H R E A D  ---------------

Current thread (0x0000013032815000):  JavaThread "Unknown thread" [_thread_in_vm, id=41464, stack(0x0000000989900000,0x0000000989a00000)]

Stack: [0x0000000989900000,0x0000000989a00000]
Native frames: (J=compiled Java code, j=interpreted, Vv=VM code, C=native code)
V  [jvm.dll+0x63adaa]
V  [jvm.dll+0x77852f]
V  [jvm.dll+0x779b18]
V  [jvm.dll+0x77a1d3]
V  [jvm.dll+0x2624c8]
V  [jvm.dll+0x63825a]
V  [jvm.dll+0x62cb15]
V  [jvm.dll+0x31563c]
V  [jvm.dll+0x3154c2]
V  [jvm.dll+0x31ad36]
V  [jvm.dll+0x36726f]
V  [jvm.dll+0x366c90]
V  [jvm.dll+0x2f2378]
V  [jvm.dll+0x2f34d6]
V  [jvm.dll+0x7517d7]
V  [jvm.dll+0x752f1f]
V  [jvm.dll+0x374099]
V  [jvm.dll+0x738059]
V  [jvm.dll+0x3e35fd]
V  [jvm.dll+0x3e5961]
C  [java.exe+0x3603]
C  [java.exe+0x1746c]
C  [KERNEL32.DLL+0x17bd4]
C  [ntdll.dll+0x6ce51]


---------------  P R O C E S S  ---------------

Threads class SMR info:
_java_thread_list=0x0000013030edd280, length=0, elements={
}

Java Threads: ( => current thread )

Other Threads:
  0x000001303282a000 GCTaskThread "GC Thread#0" [stack: 0x0000000989a00000,0x0000000989b00000] [id=37856]
  0x000001303287d800 ConcurrentGCThread "G1 Main Marker" [stack: 0x0000000989b00000,0x0000000989c00000] [id=34124]
  0x000001303287f800 ConcurrentGCThread "G1 Conc#0" [stack: 0x0000000989c00000,0x0000000989d00000] [id=19420]

[error occurred during error reporting (printing all threads), id 0xc0000005, EXCEPTION_ACCESS_VIOLATION (0xc0000005) at pc=0x00007fffb5b20d37]

VM state:not at safepoint (not fully initialized)

VM Mutex/Monitor currently owned by a thread:  ([mutex/lock_event])
[0x0000013032813270] Heap_lock - owner thread: 0x0000013032815000

Heap address: 0x0000000721000000, size: 3568 MB, Compressed Oops mode: Non-zero based: 0x0000000721000000
Narrow klass base: 0x0000000000000000, Narrow klass shift: 0

GC Heap History (0 events):
No events

Deoptimization events (0 events):
No events

Classes redefined (0 events):
No events

Internal exceptions (0 events):
No events

Events (0 events):
No events


Dynamic libraries:
0x00007ff647ac0000 - 0x00007ff647b05000 	C:\Program Files\Java\jdk-11\bin\java.exe
0x00007ff822c00000 - 0x00007ff822df0000 	C:\windows\SYSTEM32\ntdll.dll
0x00007ff8222d0000 - 0x00007ff822382000 	C:\windows\System32\KERNEL32.DLL
0x00007ff820080000 - 0x00007ff820325000 	C:\windows\System32\KERNELBASE.dll
0x00007ff820cf0000 - 0x00007ff820e85000 	C:\windows\System32\USER32.dll
0x00007ff81fe00000 - 0x00007ff81fe21000 	C:\windows\System32\win32u.dll
0x00007ff8229b0000 - 0x00007ff8229d6000 	C:\windows\System32\GDI32.dll
0x00007ff81fe30000 - 0x00007ff81ffc6000 	C:\windows\System32\gdi32full.dll
0x00007ff81fc00000 - 0x00007ff81fc9e000 	C:\windows\System32\msvcp_win.dll
0x00007ff81fd00000 - 0x00007ff81fdfa000 	C:\windows\System32\ucrtbase.dll
0x00007ff80f110000 - 0x00007ff80f394000 	C:\windows\WinSxS\amd64_microsoft.windows.common-controls_6595b64144ccf1df_6.0.18362.1082_none_9e8193e1e45b25c1\COMCTL32.dll
0x00007ff821c60000 - 0x00007ff821cfe000 	C:\windows\System32\msvcrt.dll
0x00007ff822430000 - 0x00007ff822765000 	C:\windows\System32\combase.dll
0x00007ff822890000 - 0x00007ff8229b0000 	C:\windows\System32\RPCRT4.dll
0x00007ff820c30000 - 0x00007ff820cb0000 	C:\windows\System32\bcryptPrimitives.dll
0x00007ff820cb0000 - 0x00007ff820cde000 	C:\windows\System32\IMM32.DLL
0x00007ff818d30000 - 0x00007ff818d46000 	C:\Program Files\Java\jdk-11\bin\vcruntime140.dll
0x00007ff802dc0000 - 0x00007ff802e6a000 	C:\Program Files\Java\jdk-11\bin\msvcp140.dll
0x00007fffb5820000 - 0x00007fffb6361000 	C:\Program Files\Java\jdk-11\bin\server\jvm.dll
0x00007ff822770000 - 0x00007ff822813000 	C:\windows\System32\ADVAPI32.dll
0x00007ff8229e0000 - 0x00007ff822a77000 	C:\windows\System32\sechost.dll
0x00007ff820ce0000 - 0x00007ff820ce8000 	C:\windows\System32\PSAPI.DLL
0x00007ff814740000 - 0x00007ff814764000 	C:\windows\SYSTEM32\WINMM.dll
0x00007ff81a7f0000 - 0x00007ff81a7f9000 	C:\windows\SYSTEM32\WSOCK32.dll
0x00007ff81ea40000 - 0x00007ff81ea4a000 	C:\windows\SYSTEM32\VERSION.dll
0x00007ff821d80000 - 0x00007ff821def000 	C:\windows\System32\WS2_32.dll
0x00007ff814710000 - 0x00007ff81473d000 	C:\windows\SYSTEM32\WINMMBASE.dll
0x00007ff81fb90000 - 0x00007ff81fbda000 	C:\windows\System32\cfgmgr32.dll
0x00007ff81fb00000 - 0x00007ff81fb11000 	C:\windows\System32\kernel.appcore.dll
0x00007ff8148b0000 - 0x00007ff8148c1000 	C:\Program Files\Java\jdk-11\bin\verify.dll
0x00007ff81e320000 - 0x00007ff81e514000 	C:\windows\SYSTEM32\DBGHELP.DLL
0x00007ff812830000 - 0x00007ff81285a000 	C:\windows\SYSTEM32\dbgcore.DLL
0x00007ff814880000 - 0x00007ff8148a8000 	C:\Program Files\Java\jdk-11\bin\java.dll
0x00007ff814860000 - 0x00007ff814876000 	C:\Program Files\Java\jdk-11\bin\zip.dll
0x00007ff81ade0000 - 0x00007ff81adea000 	C:\Program Files\Java\jdk-11\bin\jimage.dll

dbghelp: loaded successfully - version: 4.0.5 - missing functions: none
symbol engine: initialized successfully - sym options: 0x614 - pdb path: .;C:\Program Files\Java\jdk-11\bin;C:\windows\SYSTEM32;C:\windows\WinSxS\amd64_microsoft.windows.common-controls_6595b64144ccf1df_6.0.18362.1082_none_9e8193e1e45b25c1;C:\Program Files\Java\jdk-11\bin\server

VM Arguments:
jvm_args: -Dfile.encoding=windows-1252 -Duser.country=IT -Duser.language=it -Duser.variant 
java_command: com.itel.healthadapter.sandbox.HealthadapterSandboxApplication
java_class_path (initial): D:\Users\jeanclaude.correale\git\healthadapter-sandbox\build\classes\java\main;D:\Users\jeanclaude.correale\git\healthadapter-sandbox\build\resources\main;D:\Users\jeanclaude.correale\git\healthadapter-sandbox\healthadapter-api\build\libs\healthadapter-api-0.0.1-SNAPSHOT.jar;D:\Users\jeanclaude.correale\.gradle\caches\modules-2\files-2.1\ca.uhn.hapi.fhir\hapi-fhir-client\5.0.2\7afd72ad842d11bbc1ecafab5ab513a202047fd6\hapi-fhir-client-5.0.2.jar;D:\Users\jeanclaude.correale\.gradle\caches\modules-2\files-2.1\ca.uhn.hapi.fhir\hapi-fhir-structures-r4\5.0.2\c9480702137591f8833ac6d27b9192da8c8fbdaa\hapi-fhir-structures-r4-5.0.2.jar;D:\Users\jeanclaude.correale\.gradle\caches\modules-2\files-2.1\ca.uhn.hapi.fhir\org.hl7.fhir.r4\5.0.0\935ce8ea6cc77148117d6cfcafe83b3039d338de\org.hl7.fhir.r4-5.0.0.jar;D:\Users\jeanclaude.correale\.gradle\caches\modules-2\files-2.1\ca.uhn.hapi.fhir\org.hl7.fhir.utilities\5.0.0\8d2449a058b6b0f56b793fc9f9b843d7f91523e3\org.hl7.fhir.utilities-5.0.0.jar;D:\Users\jeanclaude.correale\.gradle\caches\modules-2\files-2.1\ca.uhn.hapi.fhir\hapi-fhir-base\5.0.2\c19c90301833b178a159420687a3737baa4576e7\hapi-fhir-base-5.0.2.jar;D:\Users\jeanclaude.correale\git\healthadapter-sandbox\libs\lpg.runtime.java-2.0.17.v201004271640.jar;D:\Users\jeanclaude.correale\git\healthadapter-sandbox\libs\org.eclipse.emf.common-2.13.0.v20170609-0707.jar;D:\Users\jeanclaude.correale\git\healthadapter-sandbox\libs\org.eclipse.emf.ecore.xmi-2.13.0.v20170609-0707.jar;D:\Users\jeanclaude.correale\git\healthadapter-sandbox\libs\org.eclipse.emf.ecore-2.13.0.v20170609-0707.jar;D:\Users\jeanclaude.correale\git\healthadapter-sandbox\libs\org.eclipse.mdht.emf.runtime-3.0.0.202006170501.jar;D:\Users\jeanclaude.correale\git\healthadapter-sandbox\libs\org.eclipse.mdht.uml.cda-3.0.0.202006170501.jar;D:\Users\jeanclaude.correale\git\healthadapter-sandbox\libs\org.eclipse.mdht.uml.hl7.datatypes-3.0.0.202006170501.jar;D:\Users\jeanclaude.correale\git\healthadapter
Launcher Type: SUN_STANDARD

[Global flags]
     intx CICompilerCount                          = 4                                         {product} {ergonomic}
     uint ConcGCThreads                            = 2                                         {product} {ergonomic}
     uint G1ConcRefinementThreads                  = 8                                         {product} {ergonomic}
   size_t G1HeapRegionSize                         = 1048576                                   {product} {ergonomic}
    uintx GCDrainStackTargetSize                   = 64                                        {product} {ergonomic}
   size_t InitialHeapSize                          = 234881024                                 {product} {ergonomic}
   size_t MarkStackSize                            = 4194304                                   {product} {ergonomic}
   size_t MaxHeapSize                              = 3741319168                                {product} {ergonomic}
   size_t MinHeapDeltaBytes                        = 1048576                                   {product} {ergonomic}
    uintx NonNMethodCodeHeapSize                   = 5835340                                {pd product} {ergonomic}
    uintx NonProfiledCodeHeapSize                  = 122911450                              {pd product} {ergonomic}
    uintx ProfiledCodeHeapSize                     = 122911450                              {pd product} {ergonomic}
    uintx ReservedCodeCacheSize                    = 251658240                              {pd product} {ergonomic}
     bool SegmentedCodeCache                       = true                                      {product} {ergonomic}
     bool UseCompressedClassPointers               = true                                 {lp64_product} {ergonomic}
     bool UseCompressedOops                        = true                                 {lp64_product} {ergonomic}
     bool UseG1GC                                  = true                                      {product} {ergonomic}
     bool UseLargePagesIndividualAllocation        = false                                  {pd product} {ergonomic}

Logging:
Log output configuration:
 #0: stdout all=warning uptime,level,tags
 #1: stderr all=off uptime,level,tags

Environment Variables:
JAVA_HOME=C:\Program Files\Java\jdk-11
PATH=C:\Python38\Scripts\;C:\Python38\;C:\windows\system32;C:\windows;C:\windows\System32\Wbem;C:\windows\System32\WindowsPowerShell\v1.0\;C:\windows\System32\OpenSSH\;C:\Program Files (x86)\Google\Google Apps Sync\;D:\Program Files\TortoiseSVN\bin;C:\Program Files\Java\jdk-11\bin;C:\ProgramData\chocolatey\bin;C:\Program Files\nodejs\;C:\Maven\apache-maven-3.6.3\bin;C:\Program Files\Git\cmd;C:\curl-7.71.1\bin;;C:\Program Files\Docker\Docker\resources\bin;C:\ProgramData\DockerDesktop\version-bin;C:\Program Files\PuTTY\;d:\Users\jeanclaude.correale\AppData\Local\Microsoft\WindowsApps;d:\Users\jeanclaude.correale\AppData\Local\Programs\Microsoft VS Code\bin;d:\Users\jeanclaude.correale\AppData\Local\Programs\Fiddler;C:\Gradle\gradle-6.4.1\bin;d:\Users\jeanclaude.correale\AppData\Local\Google\Cloud SDK\google-cloud-sdk\bin;d:\Users\jeanclaude.correale\AppData\Roaming\npm;
USERNAME=jeanclaude.correale
OS=Windows_NT
PROCESSOR_IDENTIFIER=AMD64 Family 23 Model 24 Stepping 1, AuthenticAMD



---------------  S Y S T E M  ---------------

OS: Windows 10 , 64 bit Build 18362 (10.0.18362.1082)

CPU:total 8 (initial active 8) (8 cores per cpu, 2 threads per core) family 23 model 24 stepping 1, cmov, cx8, fxsr, mmx, sse, sse2, sse3, ssse3, sse4.1, sse4.2, popcnt, avx, avx2, aes, clmul, mmxext, 3dnowpref, lzcnt, sse4a, ht, tsc, tscinvbit, tscinv, bmi1, bmi2, adx, sha, fma

Memory: 4k page, system-wide physical 14269M (936M free)
TotalPageFile size 41413M (AvailPageFile size 105M)
current process WorkingSet (physical memory assigned to process): 10M, peak: 10M
current process commit charge ("private bytes"): 60M, peak: 284M

vm_info: OpenJDK 64-Bit Server VM (11+28) for windows-amd64 JRE (11+28), built on Aug 23 2018 03:04:58 by "mach5one" with MS VC++ 15.5 (VS2017)

END.
